[2024-02-26 15:57:45] local.ERROR: Target class [Database\Seeders\MusculosSeeder] does not exist. {"exception":"[object] (Illuminate\\Contracts\\Container\\BindingResolutionException(code: 0): Target class [Database\\Seeders\\MusculosSeeder] does not exist. at /mnt/c/xampp2/htdocs/atomgym2/vendor/laravel/framework/src/Illuminate/Container/Container.php:914)
[stacktrace]
#0 /mnt/c/xampp2/htdocs/atomgym2/vendor/laravel/framework/src/Illuminate/Container/Container.php(795): Illuminate\\Container\\Container->build()
#1 /mnt/c/xampp2/htdocs/atomgym2/vendor/laravel/framework/src/Illuminate/Foundation/Application.php(957): Illuminate\\Container\\Container->resolve()
#2 /mnt/c/xampp2/htdocs/atomgym2/vendor/laravel/framework/src/Illuminate/Container/Container.php(731): Illuminate\\Foundation\\Application->resolve()
#3 /mnt/c/xampp2/htdocs/atomgym2/vendor/laravel/framework/src/Illuminate/Foundation/Application.php(942): Illuminate\\Container\\Container->make()
#4 /mnt/c/xampp2/htdocs/atomgym2/vendor/laravel/framework/src/Illuminate/Database/Console/Seeds/SeedCommand.php(98): Illuminate\\Foundation\\Application->make()
#5 /mnt/c/xampp2/htdocs/atomgym2/vendor/laravel/framework/src/Illuminate/Database/Console/Seeds/SeedCommand.php(70): Illuminate\\Database\\Console\\Seeds\\SeedCommand->getSeeder()
#6 /mnt/c/xampp2/htdocs/atomgym2/vendor/laravel/framework/src/Illuminate/Database/Eloquent/Concerns/GuardsAttributes.php(155): Illuminate\\Database\\Console\\Seeds\\SeedCommand->Illuminate\\Database\\Console\\Seeds\\{closure}()
#7 /mnt/c/xampp2/htdocs/atomgym2/vendor/laravel/framework/src/Illuminate/Database/Console/Seeds/SeedCommand.php(69): Illuminate\\Database\\Eloquent\\Model::unguarded()
#8 /mnt/c/xampp2/htdocs/atomgym2/vendor/laravel/framework/src/Illuminate/Container/BoundMethod.php(36): Illuminate\\Database\\Console\\Seeds\\SeedCommand->handle()
#9 /mnt/c/xampp2/htdocs/atomgym2/vendor/laravel/framework/src/Illuminate/Container/Util.php(41): Illuminate\\Container\\BoundMethod::Illuminate\\Container\\{closure}()
#10 /mnt/c/xampp2/htdocs/atomgym2/vendor/laravel/framework/src/Illuminate/Container/BoundMethod.php(93): Illuminate\\Container\\Util::unwrapIfClosure()
#11 /mnt/c/xampp2/htdocs/atomgym2/vendor/laravel/framework/src/Illuminate/Container/BoundMethod.php(35): Illuminate\\Container\\BoundMethod::callBoundMethod()
#12 /mnt/c/xampp2/htdocs/atomgym2/vendor/laravel/framework/src/Illuminate/Container/Container.php(662): Illuminate\\Container\\BoundMethod::call()
#13 /mnt/c/xampp2/htdocs/atomgym2/vendor/laravel/framework/src/Illuminate/Console/Command.php(211): Illuminate\\Container\\Container->call()
#14 /mnt/c/xampp2/htdocs/atomgym2/vendor/symfony/console/Command/Command.php(326): Illuminate\\Console\\Command->execute()
#15 /mnt/c/xampp2/htdocs/atomgym2/vendor/laravel/framework/src/Illuminate/Console/Command.php(180): Symfony\\Component\\Console\\Command\\Command->run()
#16 /mnt/c/xampp2/htdocs/atomgym2/vendor/symfony/console/Application.php(1096): Illuminate\\Console\\Command->run()
#17 /mnt/c/xampp2/htdocs/atomgym2/vendor/symfony/console/Application.php(324): Symfony\\Component\\Console\\Application->doRunCommand()
#18 /mnt/c/xampp2/htdocs/atomgym2/vendor/symfony/console/Application.php(175): Symfony\\Component\\Console\\Application->doRun()
#19 /mnt/c/xampp2/htdocs/atomgym2/vendor/laravel/framework/src/Illuminate/Foundation/Console/Kernel.php(201): Symfony\\Component\\Console\\Application->run()
#20 /mnt/c/xampp2/htdocs/atomgym2/artisan(35): Illuminate\\Foundation\\Console\\Kernel->handle()
#21 {main}

[previous exception] [object] (ReflectionException(code: -1): Class \"Database\\Seeders\\MusculosSeeder\" does not exist at /mnt/c/xampp2/htdocs/atomgym2/vendor/laravel/framework/src/Illuminate/Container/Container.php:912)
[stacktrace]
#0 /mnt/c/xampp2/htdocs/atomgym2/vendor/laravel/framework/src/Illuminate/Container/Container.php(912): ReflectionClass->__construct()
#1 /mnt/c/xampp2/htdocs/atomgym2/vendor/laravel/framework/src/Illuminate/Container/Container.php(795): Illuminate\\Container\\Container->build()
#2 /mnt/c/xampp2/htdocs/atomgym2/vendor/laravel/framework/src/Illuminate/Foundation/Application.php(957): Illuminate\\Container\\Container->resolve()
#3 /mnt/c/xampp2/htdocs/atomgym2/vendor/laravel/framework/src/Illuminate/Container/Container.php(731): Illuminate\\Foundation\\Application->resolve()
#4 /mnt/c/xampp2/htdocs/atomgym2/vendor/laravel/framework/src/Illuminate/Foundation/Application.php(942): Illuminate\\Container\\Container->make()
#5 /mnt/c/xampp2/htdocs/atomgym2/vendor/laravel/framework/src/Illuminate/Database/Console/Seeds/SeedCommand.php(98): Illuminate\\Foundation\\Application->make()
#6 /mnt/c/xampp2/htdocs/atomgym2/vendor/laravel/framework/src/Illuminate/Database/Console/Seeds/SeedCommand.php(70): Illuminate\\Database\\Console\\Seeds\\SeedCommand->getSeeder()
#7 /mnt/c/xampp2/htdocs/atomgym2/vendor/laravel/framework/src/Illuminate/Database/Eloquent/Concerns/GuardsAttributes.php(155): Illuminate\\Database\\Console\\Seeds\\SeedCommand->Illuminate\\Database\\Console\\Seeds\\{closure}()
#8 /mnt/c/xampp2/htdocs/atomgym2/vendor/laravel/framework/src/Illuminate/Database/Console/Seeds/SeedCommand.php(69): Illuminate\\Database\\Eloquent\\Model::unguarded()
#9 /mnt/c/xampp2/htdocs/atomgym2/vendor/laravel/framework/src/Illuminate/Container/BoundMethod.php(36): Illuminate\\Database\\Console\\Seeds\\SeedCommand->handle()
#10 /mnt/c/xampp2/htdocs/atomgym2/vendor/laravel/framework/src/Illuminate/Container/Util.php(41): Illuminate\\Container\\BoundMethod::Illuminate\\Container\\{closure}()
#11 /mnt/c/xampp2/htdocs/atomgym2/vendor/laravel/framework/src/Illuminate/Container/BoundMethod.php(93): Illuminate\\Container\\Util::unwrapIfClosure()
#12 /mnt/c/xampp2/htdocs/atomgym2/vendor/laravel/framework/src/Illuminate/Container/BoundMethod.php(35): Illuminate\\Container\\BoundMethod::callBoundMethod()
#13 /mnt/c/xampp2/htdocs/atomgym2/vendor/laravel/framework/src/Illuminate/Container/Container.php(662): Illuminate\\Container\\BoundMethod::call()
#14 /mnt/c/xampp2/htdocs/atomgym2/vendor/laravel/framework/src/Illuminate/Console/Command.php(211): Illuminate\\Container\\Container->call()
#15 /mnt/c/xampp2/htdocs/atomgym2/vendor/symfony/console/Command/Command.php(326): Illuminate\\Console\\Command->execute()
#16 /mnt/c/xampp2/htdocs/atomgym2/vendor/laravel/framework/src/Illuminate/Console/Command.php(180): Symfony\\Component\\Console\\Command\\Command->run()
#17 /mnt/c/xampp2/htdocs/atomgym2/vendor/symfony/console/Application.php(1096): Illuminate\\Console\\Command->run()
#18 /mnt/c/xampp2/htdocs/atomgym2/vendor/symfony/console/Application.php(324): Symfony\\Component\\Console\\Application->doRunCommand()
#19 /mnt/c/xampp2/htdocs/atomgym2/vendor/symfony/console/Application.php(175): Symfony\\Component\\Console\\Application->doRun()
#20 /mnt/c/xampp2/htdocs/atomgym2/vendor/laravel/framework/src/Illuminate/Foundation/Console/Kernel.php(201): Symfony\\Component\\Console\\Application->run()
#21 /mnt/c/xampp2/htdocs/atomgym2/artisan(35): Illuminate\\Foundation\\Console\\Kernel->handle()
#22 {main}
"} 
[2024-02-26 15:58:22] local.ERROR: Target class [Database\Seeders\MusculosTableSeeder] does not exist. {"exception":"[object] (Illuminate\\Contracts\\Container\\BindingResolutionException(code: 0): Target class [Database\\Seeders\\MusculosTableSeeder] does not exist. at /mnt/c/xampp2/htdocs/atomgym2/vendor/laravel/framework/src/Illuminate/Container/Container.php:914)
[stacktrace]
#0 /mnt/c/xampp2/htdocs/atomgym2/vendor/laravel/framework/src/Illuminate/Container/Container.php(795): Illuminate\\Container\\Container->build()
#1 /mnt/c/xampp2/htdocs/atomgym2/vendor/laravel/framework/src/Illuminate/Foundation/Application.php(957): Illuminate\\Container\\Container->resolve()
#2 /mnt/c/xampp2/htdocs/atomgym2/vendor/laravel/framework/src/Illuminate/Container/Container.php(731): Illuminate\\Foundation\\Application->resolve()
#3 /mnt/c/xampp2/htdocs/atomgym2/vendor/laravel/framework/src/Illuminate/Foundation/Application.php(942): Illuminate\\Container\\Container->make()
#4 /mnt/c/xampp2/htdocs/atomgym2/vendor/laravel/framework/src/Illuminate/Database/Console/Seeds/SeedCommand.php(98): Illuminate\\Foundation\\Application->make()
#5 /mnt/c/xampp2/htdocs/atomgym2/vendor/laravel/framework/src/Illuminate/Database/Console/Seeds/SeedCommand.php(70): Illuminate\\Database\\Console\\Seeds\\SeedCommand->getSeeder()
#6 /mnt/c/xampp2/htdocs/atomgym2/vendor/laravel/framework/src/Illuminate/Database/Eloquent/Concerns/GuardsAttributes.php(155): Illuminate\\Database\\Console\\Seeds\\SeedCommand->Illuminate\\Database\\Console\\Seeds\\{closure}()
#7 /mnt/c/xampp2/htdocs/atomgym2/vendor/laravel/framework/src/Illuminate/Database/Console/Seeds/SeedCommand.php(69): Illuminate\\Database\\Eloquent\\Model::unguarded()
#8 /mnt/c/xampp2/htdocs/atomgym2/vendor/laravel/framework/src/Illuminate/Container/BoundMethod.php(36): Illuminate\\Database\\Console\\Seeds\\SeedCommand->handle()
#9 /mnt/c/xampp2/htdocs/atomgym2/vendor/laravel/framework/src/Illuminate/Container/Util.php(41): Illuminate\\Container\\BoundMethod::Illuminate\\Container\\{closure}()
#10 /mnt/c/xampp2/htdocs/atomgym2/vendor/laravel/framework/src/Illuminate/Container/BoundMethod.php(93): Illuminate\\Container\\Util::unwrapIfClosure()
#11 /mnt/c/xampp2/htdocs/atomgym2/vendor/laravel/framework/src/Illuminate/Container/BoundMethod.php(35): Illuminate\\Container\\BoundMethod::callBoundMethod()
#12 /mnt/c/xampp2/htdocs/atomgym2/vendor/laravel/framework/src/Illuminate/Container/Container.php(662): Illuminate\\Container\\BoundMethod::call()
#13 /mnt/c/xampp2/htdocs/atomgym2/vendor/laravel/framework/src/Illuminate/Console/Command.php(211): Illuminate\\Container\\Container->call()
#14 /mnt/c/xampp2/htdocs/atomgym2/vendor/symfony/console/Command/Command.php(326): Illuminate\\Console\\Command->execute()
#15 /mnt/c/xampp2/htdocs/atomgym2/vendor/laravel/framework/src/Illuminate/Console/Command.php(180): Symfony\\Component\\Console\\Command\\Command->run()
#16 /mnt/c/xampp2/htdocs/atomgym2/vendor/symfony/console/Application.php(1096): Illuminate\\Console\\Command->run()
#17 /mnt/c/xampp2/htdocs/atomgym2/vendor/symfony/console/Application.php(324): Symfony\\Component\\Console\\Application->doRunCommand()
#18 /mnt/c/xampp2/htdocs/atomgym2/vendor/symfony/console/Application.php(175): Symfony\\Component\\Console\\Application->doRun()
#19 /mnt/c/xampp2/htdocs/atomgym2/vendor/laravel/framework/src/Illuminate/Foundation/Console/Kernel.php(201): Symfony\\Component\\Console\\Application->run()
#20 /mnt/c/xampp2/htdocs/atomgym2/artisan(35): Illuminate\\Foundation\\Console\\Kernel->handle()
#21 {main}

[previous exception] [object] (ReflectionException(code: -1): Class \"Database\\Seeders\\MusculosTableSeeder\" does not exist at /mnt/c/xampp2/htdocs/atomgym2/vendor/laravel/framework/src/Illuminate/Container/Container.php:912)
[stacktrace]
#0 /mnt/c/xampp2/htdocs/atomgym2/vendor/laravel/framework/src/Illuminate/Container/Container.php(912): ReflectionClass->__construct()
#1 /mnt/c/xampp2/htdocs/atomgym2/vendor/laravel/framework/src/Illuminate/Container/Container.php(795): Illuminate\\Container\\Container->build()
#2 /mnt/c/xampp2/htdocs/atomgym2/vendor/laravel/framework/src/Illuminate/Foundation/Application.php(957): Illuminate\\Container\\Container->resolve()
#3 /mnt/c/xampp2/htdocs/atomgym2/vendor/laravel/framework/src/Illuminate/Container/Container.php(731): Illuminate\\Foundation\\Application->resolve()
#4 /mnt/c/xampp2/htdocs/atomgym2/vendor/laravel/framework/src/Illuminate/Foundation/Application.php(942): Illuminate\\Container\\Container->make()
#5 /mnt/c/xampp2/htdocs/atomgym2/vendor/laravel/framework/src/Illuminate/Database/Console/Seeds/SeedCommand.php(98): Illuminate\\Foundation\\Application->make()
#6 /mnt/c/xampp2/htdocs/atomgym2/vendor/laravel/framework/src/Illuminate/Database/Console/Seeds/SeedCommand.php(70): Illuminate\\Database\\Console\\Seeds\\SeedCommand->getSeeder()
#7 /mnt/c/xampp2/htdocs/atomgym2/vendor/laravel/framework/src/Illuminate/Database/Eloquent/Concerns/GuardsAttributes.php(155): Illuminate\\Database\\Console\\Seeds\\SeedCommand->Illuminate\\Database\\Console\\Seeds\\{closure}()
#8 /mnt/c/xampp2/htdocs/atomgym2/vendor/laravel/framework/src/Illuminate/Database/Console/Seeds/SeedCommand.php(69): Illuminate\\Database\\Eloquent\\Model::unguarded()
#9 /mnt/c/xampp2/htdocs/atomgym2/vendor/laravel/framework/src/Illuminate/Container/BoundMethod.php(36): Illuminate\\Database\\Console\\Seeds\\SeedCommand->handle()
#10 /mnt/c/xampp2/htdocs/atomgym2/vendor/laravel/framework/src/Illuminate/Container/Util.php(41): Illuminate\\Container\\BoundMethod::Illuminate\\Container\\{closure}()
#11 /mnt/c/xampp2/htdocs/atomgym2/vendor/laravel/framework/src/Illuminate/Container/BoundMethod.php(93): Illuminate\\Container\\Util::unwrapIfClosure()
#12 /mnt/c/xampp2/htdocs/atomgym2/vendor/laravel/framework/src/Illuminate/Container/BoundMethod.php(35): Illuminate\\Container\\BoundMethod::callBoundMethod()
#13 /mnt/c/xampp2/htdocs/atomgym2/vendor/laravel/framework/src/Illuminate/Container/Container.php(662): Illuminate\\Container\\BoundMethod::call()
#14 /mnt/c/xampp2/htdocs/atomgym2/vendor/laravel/framework/src/Illuminate/Console/Command.php(211): Illuminate\\Container\\Container->call()
#15 /mnt/c/xampp2/htdocs/atomgym2/vendor/symfony/console/Command/Command.php(326): Illuminate\\Console\\Command->execute()
#16 /mnt/c/xampp2/htdocs/atomgym2/vendor/laravel/framework/src/Illuminate/Console/Command.php(180): Symfony\\Component\\Console\\Command\\Command->run()
#17 /mnt/c/xampp2/htdocs/atomgym2/vendor/symfony/console/Application.php(1096): Illuminate\\Console\\Command->run()
#18 /mnt/c/xampp2/htdocs/atomgym2/vendor/symfony/console/Application.php(324): Symfony\\Component\\Console\\Application->doRunCommand()
#19 /mnt/c/xampp2/htdocs/atomgym2/vendor/symfony/console/Application.php(175): Symfony\\Component\\Console\\Application->doRun()
#20 /mnt/c/xampp2/htdocs/atomgym2/vendor/laravel/framework/src/Illuminate/Foundation/Console/Kernel.php(201): Symfony\\Component\\Console\\Application->run()
#21 /mnt/c/xampp2/htdocs/atomgym2/artisan(35): Illuminate\\Foundation\\Console\\Kernel->handle()
#22 {main}
"} 
[2024-02-26 16:01:31] local.ERROR: SQLSTATE[HY000] [2002] No such file or directory (Connection: mysql, SQL: select table_name as `name`, (data_length + index_length) as `size`, table_comment as `comment`, engine as `engine`, table_collation as `collation` from information_schema.tables where table_schema = 'atomgym' and table_type in ('BASE TABLE', 'SYSTEM VERSIONED') order by table_name) {"exception":"[object] (Illuminate\\Database\\QueryException(code: 2002): SQLSTATE[HY000] [2002] No such file or directory (Connection: mysql, SQL: select table_name as `name`, (data_length + index_length) as `size`, table_comment as `comment`, engine as `engine`, table_collation as `collation` from information_schema.tables where table_schema = 'atomgym' and table_type in ('BASE TABLE', 'SYSTEM VERSIONED') order by table_name) at /mnt/c/xampp2/htdocs/atomgym2/vendor/laravel/framework/src/Illuminate/Database/Connection.php:829)
[stacktrace]
#0 /mnt/c/xampp2/htdocs/atomgym2/vendor/laravel/framework/src/Illuminate/Database/Connection.php(983): Illuminate\\Database\\Connection->runQueryCallback()
#1 /mnt/c/xampp2/htdocs/atomgym2/vendor/laravel/framework/src/Illuminate/Database/Connection.php(962): Illuminate\\Database\\Connection->tryAgainIfCausedByLostConnection()
#2 /mnt/c/xampp2/htdocs/atomgym2/vendor/laravel/framework/src/Illuminate/Database/Connection.php(785): Illuminate\\Database\\Connection->handleQueryException()
#3 /mnt/c/xampp2/htdocs/atomgym2/vendor/laravel/framework/src/Illuminate/Database/Connection.php(414): Illuminate\\Database\\Connection->run()
#4 /mnt/c/xampp2/htdocs/atomgym2/vendor/laravel/framework/src/Illuminate/Database/Connection.php(401): Illuminate\\Database\\Connection->select()
#5 /mnt/c/xampp2/htdocs/atomgym2/vendor/laravel/framework/src/Illuminate/Database/Schema/MySqlBuilder.php(41): Illuminate\\Database\\Connection->selectFromWriteConnection()
#6 /mnt/c/xampp2/htdocs/atomgym2/vendor/laravel/framework/src/Illuminate/Database/Schema/Builder.php(165): Illuminate\\Database\\Schema\\MySqlBuilder->getTables()
#7 /mnt/c/xampp2/htdocs/atomgym2/vendor/laravel/framework/src/Illuminate/Database/Migrations/DatabaseMigrationRepository.php(184): Illuminate\\Database\\Schema\\Builder->hasTable()
#8 /mnt/c/xampp2/htdocs/atomgym2/vendor/laravel/framework/src/Illuminate/Database/Migrations/Migrator.php(700): Illuminate\\Database\\Migrations\\DatabaseMigrationRepository->repositoryExists()
#9 /mnt/c/xampp2/htdocs/atomgym2/vendor/laravel/framework/src/Illuminate/Database/Console/Migrations/MigrateCommand.php(140): Illuminate\\Database\\Migrations\\Migrator->repositoryExists()
#10 /mnt/c/xampp2/htdocs/atomgym2/vendor/laravel/framework/src/Illuminate/Support/helpers.php(248): Illuminate\\Database\\Console\\Migrations\\MigrateCommand->Illuminate\\Database\\Console\\Migrations\\{closure}()
#11 /mnt/c/xampp2/htdocs/atomgym2/vendor/laravel/framework/src/Illuminate/Database/Console/Migrations/MigrateCommand.php(140): retry()
#12 /mnt/c/xampp2/htdocs/atomgym2/vendor/laravel/framework/src/Illuminate/Database/Console/Migrations/MigrateCommand.php(116): Illuminate\\Database\\Console\\Migrations\\MigrateCommand->repositoryExists()
#13 /mnt/c/xampp2/htdocs/atomgym2/vendor/laravel/framework/src/Illuminate/Database/Console/Migrations/MigrateCommand.php(84): Illuminate\\Database\\Console\\Migrations\\MigrateCommand->prepareDatabase()
#14 /mnt/c/xampp2/htdocs/atomgym2/vendor/laravel/framework/src/Illuminate/Database/Migrations/Migrator.php(633): Illuminate\\Database\\Console\\Migrations\\MigrateCommand->Illuminate\\Database\\Console\\Migrations\\{closure}()
#15 /mnt/c/xampp2/htdocs/atomgym2/vendor/laravel/framework/src/Illuminate/Database/Console/Migrations/MigrateCommand.php(83): Illuminate\\Database\\Migrations\\Migrator->usingConnection()
#16 /mnt/c/xampp2/htdocs/atomgym2/vendor/laravel/framework/src/Illuminate/Container/BoundMethod.php(36): Illuminate\\Database\\Console\\Migrations\\MigrateCommand->handle()
#17 /mnt/c/xampp2/htdocs/atomgym2/vendor/laravel/framework/src/Illuminate/Container/Util.php(41): Illuminate\\Container\\BoundMethod::Illuminate\\Container\\{closure}()
#18 /mnt/c/xampp2/htdocs/atomgym2/vendor/laravel/framework/src/Illuminate/Container/BoundMethod.php(93): Illuminate\\Container\\Util::unwrapIfClosure()
#19 /mnt/c/xampp2/htdocs/atomgym2/vendor/laravel/framework/src/Illuminate/Container/BoundMethod.php(35): Illuminate\\Container\\BoundMethod::callBoundMethod()
#20 /mnt/c/xampp2/htdocs/atomgym2/vendor/laravel/framework/src/Illuminate/Container/Container.php(662): Illuminate\\Container\\BoundMethod::call()
#21 /mnt/c/xampp2/htdocs/atomgym2/vendor/laravel/framework/src/Illuminate/Console/Command.php(211): Illuminate\\Container\\Container->call()
#22 /mnt/c/xampp2/htdocs/atomgym2/vendor/symfony/console/Command/Command.php(326): Illuminate\\Console\\Command->execute()
#23 /mnt/c/xampp2/htdocs/atomgym2/vendor/laravel/framework/src/Illuminate/Console/Command.php(180): Symfony\\Component\\Console\\Command\\Command->run()
#24 /mnt/c/xampp2/htdocs/atomgym2/vendor/symfony/console/Application.php(1096): Illuminate\\Console\\Command->run()
#25 /mnt/c/xampp2/htdocs/atomgym2/vendor/symfony/console/Application.php(324): Symfony\\Component\\Console\\Application->doRunCommand()
#26 /mnt/c/xampp2/htdocs/atomgym2/vendor/symfony/console/Application.php(175): Symfony\\Component\\Console\\Application->doRun()
#27 /mnt/c/xampp2/htdocs/atomgym2/vendor/laravel/framework/src/Illuminate/Foundation/Console/Kernel.php(201): Symfony\\Component\\Console\\Application->run()
#28 /mnt/c/xampp2/htdocs/atomgym2/artisan(35): Illuminate\\Foundation\\Console\\Kernel->handle()
#29 {main}

[previous exception] [object] (PDOException(code: 2002): SQLSTATE[HY000] [2002] No such file or directory at /mnt/c/xampp2/htdocs/atomgym2/vendor/laravel/framework/src/Illuminate/Database/Connectors/Connector.php:65)
[stacktrace]
#0 /mnt/c/xampp2/htdocs/atomgym2/vendor/laravel/framework/src/Illuminate/Database/Connectors/Connector.php(65): PDO->__construct()
#1 /mnt/c/xampp2/htdocs/atomgym2/vendor/laravel/framework/src/Illuminate/Database/Connectors/Connector.php(83): Illuminate\\Database\\Connectors\\Connector->createPdoConnection()
#2 /mnt/c/xampp2/htdocs/atomgym2/vendor/laravel/framework/src/Illuminate/Database/Connectors/Connector.php(48): Illuminate\\Database\\Connectors\\Connector->tryAgainIfCausedByLostConnection()
#3 /mnt/c/xampp2/htdocs/atomgym2/vendor/laravel/framework/src/Illuminate/Database/Connectors/MySqlConnector.php(24): Illuminate\\Database\\Connectors\\Connector->createConnection()
#4 /mnt/c/xampp2/htdocs/atomgym2/vendor/laravel/framework/src/Illuminate/Database/Connectors/ConnectionFactory.php(184): Illuminate\\Database\\Connectors\\MySqlConnector->connect()
#5 [internal function]: Illuminate\\Database\\Connectors\\ConnectionFactory->Illuminate\\Database\\Connectors\\{closure}()
#6 /mnt/c/xampp2/htdocs/atomgym2/vendor/laravel/framework/src/Illuminate/Database/Connection.php(1339): call_user_func()
#7 /mnt/c/xampp2/htdocs/atomgym2/vendor/laravel/framework/src/Illuminate/Database/Connection.php(528): Illuminate\\Database\\Connection->getPdo()
#8 /mnt/c/xampp2/htdocs/atomgym2/vendor/laravel/framework/src/Illuminate/Database/Connection.php(423): Illuminate\\Database\\Connection->getPdoForSelect()
#9 /mnt/c/xampp2/htdocs/atomgym2/vendor/laravel/framework/src/Illuminate/Database/Connection.php(816): Illuminate\\Database\\Connection->Illuminate\\Database\\{closure}()
#10 /mnt/c/xampp2/htdocs/atomgym2/vendor/laravel/framework/src/Illuminate/Database/Connection.php(983): Illuminate\\Database\\Connection->runQueryCallback()
#11 /mnt/c/xampp2/htdocs/atomgym2/vendor/laravel/framework/src/Illuminate/Database/Connection.php(962): Illuminate\\Database\\Connection->tryAgainIfCausedByLostConnection()
#12 /mnt/c/xampp2/htdocs/atomgym2/vendor/laravel/framework/src/Illuminate/Database/Connection.php(785): Illuminate\\Database\\Connection->handleQueryException()
#13 /mnt/c/xampp2/htdocs/atomgym2/vendor/laravel/framework/src/Illuminate/Database/Connection.php(414): Illuminate\\Database\\Connection->run()
#14 /mnt/c/xampp2/htdocs/atomgym2/vendor/laravel/framework/src/Illuminate/Database/Connection.php(401): Illuminate\\Database\\Connection->select()
#15 /mnt/c/xampp2/htdocs/atomgym2/vendor/laravel/framework/src/Illuminate/Database/Schema/MySqlBuilder.php(41): Illuminate\\Database\\Connection->selectFromWriteConnection()
#16 /mnt/c/xampp2/htdocs/atomgym2/vendor/laravel/framework/src/Illuminate/Database/Schema/Builder.php(165): Illuminate\\Database\\Schema\\MySqlBuilder->getTables()
#17 /mnt/c/xampp2/htdocs/atomgym2/vendor/laravel/framework/src/Illuminate/Database/Migrations/DatabaseMigrationRepository.php(184): Illuminate\\Database\\Schema\\Builder->hasTable()
#18 /mnt/c/xampp2/htdocs/atomgym2/vendor/laravel/framework/src/Illuminate/Database/Migrations/Migrator.php(700): Illuminate\\Database\\Migrations\\DatabaseMigrationRepository->repositoryExists()
#19 /mnt/c/xampp2/htdocs/atomgym2/vendor/laravel/framework/src/Illuminate/Database/Console/Migrations/MigrateCommand.php(140): Illuminate\\Database\\Migrations\\Migrator->repositoryExists()
#20 /mnt/c/xampp2/htdocs/atomgym2/vendor/laravel/framework/src/Illuminate/Support/helpers.php(248): Illuminate\\Database\\Console\\Migrations\\MigrateCommand->Illuminate\\Database\\Console\\Migrations\\{closure}()
#21 /mnt/c/xampp2/htdocs/atomgym2/vendor/laravel/framework/src/Illuminate/Database/Console/Migrations/MigrateCommand.php(140): retry()
#22 /mnt/c/xampp2/htdocs/atomgym2/vendor/laravel/framework/src/Illuminate/Database/Console/Migrations/MigrateCommand.php(116): Illuminate\\Database\\Console\\Migrations\\MigrateCommand->repositoryExists()
#23 /mnt/c/xampp2/htdocs/atomgym2/vendor/laravel/framework/src/Illuminate/Database/Console/Migrations/MigrateCommand.php(84): Illuminate\\Database\\Console\\Migrations\\MigrateCommand->prepareDatabase()
#24 /mnt/c/xampp2/htdocs/atomgym2/vendor/laravel/framework/src/Illuminate/Database/Migrations/Migrator.php(633): Illuminate\\Database\\Console\\Migrations\\MigrateCommand->Illuminate\\Database\\Console\\Migrations\\{closure}()
#25 /mnt/c/xampp2/htdocs/atomgym2/vendor/laravel/framework/src/Illuminate/Database/Console/Migrations/MigrateCommand.php(83): Illuminate\\Database\\Migrations\\Migrator->usingConnection()
#26 /mnt/c/xampp2/htdocs/atomgym2/vendor/laravel/framework/src/Illuminate/Container/BoundMethod.php(36): Illuminate\\Database\\Console\\Migrations\\MigrateCommand->handle()
#27 /mnt/c/xampp2/htdocs/atomgym2/vendor/laravel/framework/src/Illuminate/Container/Util.php(41): Illuminate\\Container\\BoundMethod::Illuminate\\Container\\{closure}()
#28 /mnt/c/xampp2/htdocs/atomgym2/vendor/laravel/framework/src/Illuminate/Container/BoundMethod.php(93): Illuminate\\Container\\Util::unwrapIfClosure()
#29 /mnt/c/xampp2/htdocs/atomgym2/vendor/laravel/framework/src/Illuminate/Container/BoundMethod.php(35): Illuminate\\Container\\BoundMethod::callBoundMethod()
#30 /mnt/c/xampp2/htdocs/atomgym2/vendor/laravel/framework/src/Illuminate/Container/Container.php(662): Illuminate\\Container\\BoundMethod::call()
#31 /mnt/c/xampp2/htdocs/atomgym2/vendor/laravel/framework/src/Illuminate/Console/Command.php(211): Illuminate\\Container\\Container->call()
#32 /mnt/c/xampp2/htdocs/atomgym2/vendor/symfony/console/Command/Command.php(326): Illuminate\\Console\\Command->execute()
#33 /mnt/c/xampp2/htdocs/atomgym2/vendor/laravel/framework/src/Illuminate/Console/Command.php(180): Symfony\\Component\\Console\\Command\\Command->run()
#34 /mnt/c/xampp2/htdocs/atomgym2/vendor/symfony/console/Application.php(1096): Illuminate\\Console\\Command->run()
#35 /mnt/c/xampp2/htdocs/atomgym2/vendor/symfony/console/Application.php(324): Symfony\\Component\\Console\\Application->doRunCommand()
#36 /mnt/c/xampp2/htdocs/atomgym2/vendor/symfony/console/Application.php(175): Symfony\\Component\\Console\\Application->doRun()
#37 /mnt/c/xampp2/htdocs/atomgym2/vendor/laravel/framework/src/Illuminate/Foundation/Console/Kernel.php(201): Symfony\\Component\\Console\\Application->run()
#38 /mnt/c/xampp2/htdocs/atomgym2/artisan(35): Illuminate\\Foundation\\Console\\Kernel->handle()
#39 {main}
"} 
[2024-02-26 16:03:00] local.ERROR: SQLSTATE[HY000] [2002] No such file or directory (Connection: mysql, SQL: select table_name as `name`, (data_length + index_length) as `size`, table_comment as `comment`, engine as `engine`, table_collation as `collation` from information_schema.tables where table_schema = 'atomgym' and table_type in ('BASE TABLE', 'SYSTEM VERSIONED') order by table_name) {"exception":"[object] (Illuminate\\Database\\QueryException(code: 2002): SQLSTATE[HY000] [2002] No such file or directory (Connection: mysql, SQL: select table_name as `name`, (data_length + index_length) as `size`, table_comment as `comment`, engine as `engine`, table_collation as `collation` from information_schema.tables where table_schema = 'atomgym' and table_type in ('BASE TABLE', 'SYSTEM VERSIONED') order by table_name) at /mnt/c/xampp2/htdocs/atomgym2/vendor/laravel/framework/src/Illuminate/Database/Connection.php:829)
[stacktrace]
#0 /mnt/c/xampp2/htdocs/atomgym2/vendor/laravel/framework/src/Illuminate/Database/Connection.php(983): Illuminate\\Database\\Connection->runQueryCallback()
#1 /mnt/c/xampp2/htdocs/atomgym2/vendor/laravel/framework/src/Illuminate/Database/Connection.php(962): Illuminate\\Database\\Connection->tryAgainIfCausedByLostConnection()
#2 /mnt/c/xampp2/htdocs/atomgym2/vendor/laravel/framework/src/Illuminate/Database/Connection.php(785): Illuminate\\Database\\Connection->handleQueryException()
#3 /mnt/c/xampp2/htdocs/atomgym2/vendor/laravel/framework/src/Illuminate/Database/Connection.php(414): Illuminate\\Database\\Connection->run()
#4 /mnt/c/xampp2/htdocs/atomgym2/vendor/laravel/framework/src/Illuminate/Database/Connection.php(401): Illuminate\\Database\\Connection->select()
#5 /mnt/c/xampp2/htdocs/atomgym2/vendor/laravel/framework/src/Illuminate/Database/Schema/MySqlBuilder.php(41): Illuminate\\Database\\Connection->selectFromWriteConnection()
#6 /mnt/c/xampp2/htdocs/atomgym2/vendor/laravel/framework/src/Illuminate/Database/Schema/Builder.php(165): Illuminate\\Database\\Schema\\MySqlBuilder->getTables()
#7 /mnt/c/xampp2/htdocs/atomgym2/vendor/laravel/framework/src/Illuminate/Database/Migrations/DatabaseMigrationRepository.php(184): Illuminate\\Database\\Schema\\Builder->hasTable()
#8 /mnt/c/xampp2/htdocs/atomgym2/vendor/laravel/framework/src/Illuminate/Database/Migrations/Migrator.php(700): Illuminate\\Database\\Migrations\\DatabaseMigrationRepository->repositoryExists()
#9 /mnt/c/xampp2/htdocs/atomgym2/vendor/laravel/framework/src/Illuminate/Database/Console/Migrations/MigrateCommand.php(140): Illuminate\\Database\\Migrations\\Migrator->repositoryExists()
#10 /mnt/c/xampp2/htdocs/atomgym2/vendor/laravel/framework/src/Illuminate/Support/helpers.php(248): Illuminate\\Database\\Console\\Migrations\\MigrateCommand->Illuminate\\Database\\Console\\Migrations\\{closure}()
#11 /mnt/c/xampp2/htdocs/atomgym2/vendor/laravel/framework/src/Illuminate/Database/Console/Migrations/MigrateCommand.php(140): retry()
#12 /mnt/c/xampp2/htdocs/atomgym2/vendor/laravel/framework/src/Illuminate/Database/Console/Migrations/MigrateCommand.php(116): Illuminate\\Database\\Console\\Migrations\\MigrateCommand->repositoryExists()
#13 /mnt/c/xampp2/htdocs/atomgym2/vendor/laravel/framework/src/Illuminate/Database/Console/Migrations/MigrateCommand.php(84): Illuminate\\Database\\Console\\Migrations\\MigrateCommand->prepareDatabase()
#14 /mnt/c/xampp2/htdocs/atomgym2/vendor/laravel/framework/src/Illuminate/Database/Migrations/Migrator.php(633): Illuminate\\Database\\Console\\Migrations\\MigrateCommand->Illuminate\\Database\\Console\\Migrations\\{closure}()
#15 /mnt/c/xampp2/htdocs/atomgym2/vendor/laravel/framework/src/Illuminate/Database/Console/Migrations/MigrateCommand.php(83): Illuminate\\Database\\Migrations\\Migrator->usingConnection()
#16 /mnt/c/xampp2/htdocs/atomgym2/vendor/laravel/framework/src/Illuminate/Container/BoundMethod.php(36): Illuminate\\Database\\Console\\Migrations\\MigrateCommand->handle()
#17 /mnt/c/xampp2/htdocs/atomgym2/vendor/laravel/framework/src/Illuminate/Container/Util.php(41): Illuminate\\Container\\BoundMethod::Illuminate\\Container\\{closure}()
#18 /mnt/c/xampp2/htdocs/atomgym2/vendor/laravel/framework/src/Illuminate/Container/BoundMethod.php(93): Illuminate\\Container\\Util::unwrapIfClosure()
#19 /mnt/c/xampp2/htdocs/atomgym2/vendor/laravel/framework/src/Illuminate/Container/BoundMethod.php(35): Illuminate\\Container\\BoundMethod::callBoundMethod()
#20 /mnt/c/xampp2/htdocs/atomgym2/vendor/laravel/framework/src/Illuminate/Container/Container.php(662): Illuminate\\Container\\BoundMethod::call()
#21 /mnt/c/xampp2/htdocs/atomgym2/vendor/laravel/framework/src/Illuminate/Console/Command.php(211): Illuminate\\Container\\Container->call()
#22 /mnt/c/xampp2/htdocs/atomgym2/vendor/symfony/console/Command/Command.php(326): Illuminate\\Console\\Command->execute()
#23 /mnt/c/xampp2/htdocs/atomgym2/vendor/laravel/framework/src/Illuminate/Console/Command.php(180): Symfony\\Component\\Console\\Command\\Command->run()
#24 /mnt/c/xampp2/htdocs/atomgym2/vendor/symfony/console/Application.php(1096): Illuminate\\Console\\Command->run()
#25 /mnt/c/xampp2/htdocs/atomgym2/vendor/symfony/console/Application.php(324): Symfony\\Component\\Console\\Application->doRunCommand()
#26 /mnt/c/xampp2/htdocs/atomgym2/vendor/symfony/console/Application.php(175): Symfony\\Component\\Console\\Application->doRun()
#27 /mnt/c/xampp2/htdocs/atomgym2/vendor/laravel/framework/src/Illuminate/Foundation/Console/Kernel.php(201): Symfony\\Component\\Console\\Application->run()
#28 /mnt/c/xampp2/htdocs/atomgym2/artisan(35): Illuminate\\Foundation\\Console\\Kernel->handle()
#29 {main}

[previous exception] [object] (PDOException(code: 2002): SQLSTATE[HY000] [2002] No such file or directory at /mnt/c/xampp2/htdocs/atomgym2/vendor/laravel/framework/src/Illuminate/Database/Connectors/Connector.php:65)
[stacktrace]
#0 /mnt/c/xampp2/htdocs/atomgym2/vendor/laravel/framework/src/Illuminate/Database/Connectors/Connector.php(65): PDO->__construct()
#1 /mnt/c/xampp2/htdocs/atomgym2/vendor/laravel/framework/src/Illuminate/Database/Connectors/Connector.php(83): Illuminate\\Database\\Connectors\\Connector->createPdoConnection()
#2 /mnt/c/xampp2/htdocs/atomgym2/vendor/laravel/framework/src/Illuminate/Database/Connectors/Connector.php(48): Illuminate\\Database\\Connectors\\Connector->tryAgainIfCausedByLostConnection()
#3 /mnt/c/xampp2/htdocs/atomgym2/vendor/laravel/framework/src/Illuminate/Database/Connectors/MySqlConnector.php(24): Illuminate\\Database\\Connectors\\Connector->createConnection()
#4 /mnt/c/xampp2/htdocs/atomgym2/vendor/laravel/framework/src/Illuminate/Database/Connectors/ConnectionFactory.php(184): Illuminate\\Database\\Connectors\\MySqlConnector->connect()
#5 [internal function]: Illuminate\\Database\\Connectors\\ConnectionFactory->Illuminate\\Database\\Connectors\\{closure}()
#6 /mnt/c/xampp2/htdocs/atomgym2/vendor/laravel/framework/src/Illuminate/Database/Connection.php(1339): call_user_func()
#7 /mnt/c/xampp2/htdocs/atomgym2/vendor/laravel/framework/src/Illuminate/Database/Connection.php(528): Illuminate\\Database\\Connection->getPdo()
#8 /mnt/c/xampp2/htdocs/atomgym2/vendor/laravel/framework/src/Illuminate/Database/Connection.php(423): Illuminate\\Database\\Connection->getPdoForSelect()
#9 /mnt/c/xampp2/htdocs/atomgym2/vendor/laravel/framework/src/Illuminate/Database/Connection.php(816): Illuminate\\Database\\Connection->Illuminate\\Database\\{closure}()
#10 /mnt/c/xampp2/htdocs/atomgym2/vendor/laravel/framework/src/Illuminate/Database/Connection.php(983): Illuminate\\Database\\Connection->runQueryCallback()
#11 /mnt/c/xampp2/htdocs/atomgym2/vendor/laravel/framework/src/Illuminate/Database/Connection.php(962): Illuminate\\Database\\Connection->tryAgainIfCausedByLostConnection()
#12 /mnt/c/xampp2/htdocs/atomgym2/vendor/laravel/framework/src/Illuminate/Database/Connection.php(785): Illuminate\\Database\\Connection->handleQueryException()
#13 /mnt/c/xampp2/htdocs/atomgym2/vendor/laravel/framework/src/Illuminate/Database/Connection.php(414): Illuminate\\Database\\Connection->run()
#14 /mnt/c/xampp2/htdocs/atomgym2/vendor/laravel/framework/src/Illuminate/Database/Connection.php(401): Illuminate\\Database\\Connection->select()
#15 /mnt/c/xampp2/htdocs/atomgym2/vendor/laravel/framework/src/Illuminate/Database/Schema/MySqlBuilder.php(41): Illuminate\\Database\\Connection->selectFromWriteConnection()
#16 /mnt/c/xampp2/htdocs/atomgym2/vendor/laravel/framework/src/Illuminate/Database/Schema/Builder.php(165): Illuminate\\Database\\Schema\\MySqlBuilder->getTables()
#17 /mnt/c/xampp2/htdocs/atomgym2/vendor/laravel/framework/src/Illuminate/Database/Migrations/DatabaseMigrationRepository.php(184): Illuminate\\Database\\Schema\\Builder->hasTable()
#18 /mnt/c/xampp2/htdocs/atomgym2/vendor/laravel/framework/src/Illuminate/Database/Migrations/Migrator.php(700): Illuminate\\Database\\Migrations\\DatabaseMigrationRepository->repositoryExists()
#19 /mnt/c/xampp2/htdocs/atomgym2/vendor/laravel/framework/src/Illuminate/Database/Console/Migrations/MigrateCommand.php(140): Illuminate\\Database\\Migrations\\Migrator->repositoryExists()
#20 /mnt/c/xampp2/htdocs/atomgym2/vendor/laravel/framework/src/Illuminate/Support/helpers.php(248): Illuminate\\Database\\Console\\Migrations\\MigrateCommand->Illuminate\\Database\\Console\\Migrations\\{closure}()
#21 /mnt/c/xampp2/htdocs/atomgym2/vendor/laravel/framework/src/Illuminate/Database/Console/Migrations/MigrateCommand.php(140): retry()
#22 /mnt/c/xampp2/htdocs/atomgym2/vendor/laravel/framework/src/Illuminate/Database/Console/Migrations/MigrateCommand.php(116): Illuminate\\Database\\Console\\Migrations\\MigrateCommand->repositoryExists()
#23 /mnt/c/xampp2/htdocs/atomgym2/vendor/laravel/framework/src/Illuminate/Database/Console/Migrations/MigrateCommand.php(84): Illuminate\\Database\\Console\\Migrations\\MigrateCommand->prepareDatabase()
#24 /mnt/c/xampp2/htdocs/atomgym2/vendor/laravel/framework/src/Illuminate/Database/Migrations/Migrator.php(633): Illuminate\\Database\\Console\\Migrations\\MigrateCommand->Illuminate\\Database\\Console\\Migrations\\{closure}()
#25 /mnt/c/xampp2/htdocs/atomgym2/vendor/laravel/framework/src/Illuminate/Database/Console/Migrations/MigrateCommand.php(83): Illuminate\\Database\\Migrations\\Migrator->usingConnection()
#26 /mnt/c/xampp2/htdocs/atomgym2/vendor/laravel/framework/src/Illuminate/Container/BoundMethod.php(36): Illuminate\\Database\\Console\\Migrations\\MigrateCommand->handle()
#27 /mnt/c/xampp2/htdocs/atomgym2/vendor/laravel/framework/src/Illuminate/Container/Util.php(41): Illuminate\\Container\\BoundMethod::Illuminate\\Container\\{closure}()
#28 /mnt/c/xampp2/htdocs/atomgym2/vendor/laravel/framework/src/Illuminate/Container/BoundMethod.php(93): Illuminate\\Container\\Util::unwrapIfClosure()
#29 /mnt/c/xampp2/htdocs/atomgym2/vendor/laravel/framework/src/Illuminate/Container/BoundMethod.php(35): Illuminate\\Container\\BoundMethod::callBoundMethod()
#30 /mnt/c/xampp2/htdocs/atomgym2/vendor/laravel/framework/src/Illuminate/Container/Container.php(662): Illuminate\\Container\\BoundMethod::call()
#31 /mnt/c/xampp2/htdocs/atomgym2/vendor/laravel/framework/src/Illuminate/Console/Command.php(211): Illuminate\\Container\\Container->call()
#32 /mnt/c/xampp2/htdocs/atomgym2/vendor/symfony/console/Command/Command.php(326): Illuminate\\Console\\Command->execute()
#33 /mnt/c/xampp2/htdocs/atomgym2/vendor/laravel/framework/src/Illuminate/Console/Command.php(180): Symfony\\Component\\Console\\Command\\Command->run()
#34 /mnt/c/xampp2/htdocs/atomgym2/vendor/symfony/console/Application.php(1096): Illuminate\\Console\\Command->run()
#35 /mnt/c/xampp2/htdocs/atomgym2/vendor/symfony/console/Application.php(324): Symfony\\Component\\Console\\Application->doRunCommand()
#36 /mnt/c/xampp2/htdocs/atomgym2/vendor/symfony/console/Application.php(175): Symfony\\Component\\Console\\Application->doRun()
#37 /mnt/c/xampp2/htdocs/atomgym2/vendor/laravel/framework/src/Illuminate/Foundation/Console/Kernel.php(201): Symfony\\Component\\Console\\Application->run()
#38 /mnt/c/xampp2/htdocs/atomgym2/artisan(35): Illuminate\\Foundation\\Console\\Kernel->handle()
#39 {main}
"} 
[2024-02-26 16:04:03] local.ERROR: SQLSTATE[HY000] [2002] No such file or directory (Connection: mysql, SQL: select table_name as `name`, (data_length + index_length) as `size`, table_comment as `comment`, engine as `engine`, table_collation as `collation` from information_schema.tables where table_schema = 'atomgym' and table_type in ('BASE TABLE', 'SYSTEM VERSIONED') order by table_name) {"exception":"[object] (Illuminate\\Database\\QueryException(code: 2002): SQLSTATE[HY000] [2002] No such file or directory (Connection: mysql, SQL: select table_name as `name`, (data_length + index_length) as `size`, table_comment as `comment`, engine as `engine`, table_collation as `collation` from information_schema.tables where table_schema = 'atomgym' and table_type in ('BASE TABLE', 'SYSTEM VERSIONED') order by table_name) at /mnt/c/xampp2/htdocs/atomgym2/vendor/laravel/framework/src/Illuminate/Database/Connection.php:829)
[stacktrace]
#0 /mnt/c/xampp2/htdocs/atomgym2/vendor/laravel/framework/src/Illuminate/Database/Connection.php(983): Illuminate\\Database\\Connection->runQueryCallback()
#1 /mnt/c/xampp2/htdocs/atomgym2/vendor/laravel/framework/src/Illuminate/Database/Connection.php(962): Illuminate\\Database\\Connection->tryAgainIfCausedByLostConnection()
#2 /mnt/c/xampp2/htdocs/atomgym2/vendor/laravel/framework/src/Illuminate/Database/Connection.php(785): Illuminate\\Database\\Connection->handleQueryException()
#3 /mnt/c/xampp2/htdocs/atomgym2/vendor/laravel/framework/src/Illuminate/Database/Connection.php(414): Illuminate\\Database\\Connection->run()
#4 /mnt/c/xampp2/htdocs/atomgym2/vendor/laravel/framework/src/Illuminate/Database/Connection.php(401): Illuminate\\Database\\Connection->select()
#5 /mnt/c/xampp2/htdocs/atomgym2/vendor/laravel/framework/src/Illuminate/Database/Schema/MySqlBuilder.php(41): Illuminate\\Database\\Connection->selectFromWriteConnection()
#6 /mnt/c/xampp2/htdocs/atomgym2/vendor/laravel/framework/src/Illuminate/Database/Schema/Builder.php(165): Illuminate\\Database\\Schema\\MySqlBuilder->getTables()
#7 /mnt/c/xampp2/htdocs/atomgym2/vendor/laravel/framework/src/Illuminate/Database/Migrations/DatabaseMigrationRepository.php(184): Illuminate\\Database\\Schema\\Builder->hasTable()
#8 /mnt/c/xampp2/htdocs/atomgym2/vendor/laravel/framework/src/Illuminate/Database/Migrations/Migrator.php(700): Illuminate\\Database\\Migrations\\DatabaseMigrationRepository->repositoryExists()
#9 /mnt/c/xampp2/htdocs/atomgym2/vendor/laravel/framework/src/Illuminate/Database/Console/Migrations/MigrateCommand.php(140): Illuminate\\Database\\Migrations\\Migrator->repositoryExists()
#10 /mnt/c/xampp2/htdocs/atomgym2/vendor/laravel/framework/src/Illuminate/Support/helpers.php(248): Illuminate\\Database\\Console\\Migrations\\MigrateCommand->Illuminate\\Database\\Console\\Migrations\\{closure}()
#11 /mnt/c/xampp2/htdocs/atomgym2/vendor/laravel/framework/src/Illuminate/Database/Console/Migrations/MigrateCommand.php(140): retry()
#12 /mnt/c/xampp2/htdocs/atomgym2/vendor/laravel/framework/src/Illuminate/Database/Console/Migrations/MigrateCommand.php(116): Illuminate\\Database\\Console\\Migrations\\MigrateCommand->repositoryExists()
#13 /mnt/c/xampp2/htdocs/atomgym2/vendor/laravel/framework/src/Illuminate/Database/Console/Migrations/MigrateCommand.php(84): Illuminate\\Database\\Console\\Migrations\\MigrateCommand->prepareDatabase()
#14 /mnt/c/xampp2/htdocs/atomgym2/vendor/laravel/framework/src/Illuminate/Database/Migrations/Migrator.php(633): Illuminate\\Database\\Console\\Migrations\\MigrateCommand->Illuminate\\Database\\Console\\Migrations\\{closure}()
#15 /mnt/c/xampp2/htdocs/atomgym2/vendor/laravel/framework/src/Illuminate/Database/Console/Migrations/MigrateCommand.php(83): Illuminate\\Database\\Migrations\\Migrator->usingConnection()
#16 /mnt/c/xampp2/htdocs/atomgym2/vendor/laravel/framework/src/Illuminate/Container/BoundMethod.php(36): Illuminate\\Database\\Console\\Migrations\\MigrateCommand->handle()
#17 /mnt/c/xampp2/htdocs/atomgym2/vendor/laravel/framework/src/Illuminate/Container/Util.php(41): Illuminate\\Container\\BoundMethod::Illuminate\\Container\\{closure}()
#18 /mnt/c/xampp2/htdocs/atomgym2/vendor/laravel/framework/src/Illuminate/Container/BoundMethod.php(93): Illuminate\\Container\\Util::unwrapIfClosure()
#19 /mnt/c/xampp2/htdocs/atomgym2/vendor/laravel/framework/src/Illuminate/Container/BoundMethod.php(35): Illuminate\\Container\\BoundMethod::callBoundMethod()
#20 /mnt/c/xampp2/htdocs/atomgym2/vendor/laravel/framework/src/Illuminate/Container/Container.php(662): Illuminate\\Container\\BoundMethod::call()
#21 /mnt/c/xampp2/htdocs/atomgym2/vendor/laravel/framework/src/Illuminate/Console/Command.php(211): Illuminate\\Container\\Container->call()
#22 /mnt/c/xampp2/htdocs/atomgym2/vendor/symfony/console/Command/Command.php(326): Illuminate\\Console\\Command->execute()
#23 /mnt/c/xampp2/htdocs/atomgym2/vendor/laravel/framework/src/Illuminate/Console/Command.php(180): Symfony\\Component\\Console\\Command\\Command->run()
#24 /mnt/c/xampp2/htdocs/atomgym2/vendor/symfony/console/Application.php(1096): Illuminate\\Console\\Command->run()
#25 /mnt/c/xampp2/htdocs/atomgym2/vendor/symfony/console/Application.php(324): Symfony\\Component\\Console\\Application->doRunCommand()
#26 /mnt/c/xampp2/htdocs/atomgym2/vendor/symfony/console/Application.php(175): Symfony\\Component\\Console\\Application->doRun()
#27 /mnt/c/xampp2/htdocs/atomgym2/vendor/laravel/framework/src/Illuminate/Foundation/Console/Kernel.php(201): Symfony\\Component\\Console\\Application->run()
#28 /mnt/c/xampp2/htdocs/atomgym2/artisan(35): Illuminate\\Foundation\\Console\\Kernel->handle()
#29 {main}

[previous exception] [object] (PDOException(code: 2002): SQLSTATE[HY000] [2002] No such file or directory at /mnt/c/xampp2/htdocs/atomgym2/vendor/laravel/framework/src/Illuminate/Database/Connectors/Connector.php:65)
[stacktrace]
#0 /mnt/c/xampp2/htdocs/atomgym2/vendor/laravel/framework/src/Illuminate/Database/Connectors/Connector.php(65): PDO->__construct()
#1 /mnt/c/xampp2/htdocs/atomgym2/vendor/laravel/framework/src/Illuminate/Database/Connectors/Connector.php(83): Illuminate\\Database\\Connectors\\Connector->createPdoConnection()
#2 /mnt/c/xampp2/htdocs/atomgym2/vendor/laravel/framework/src/Illuminate/Database/Connectors/Connector.php(48): Illuminate\\Database\\Connectors\\Connector->tryAgainIfCausedByLostConnection()
#3 /mnt/c/xampp2/htdocs/atomgym2/vendor/laravel/framework/src/Illuminate/Database/Connectors/MySqlConnector.php(24): Illuminate\\Database\\Connectors\\Connector->createConnection()
#4 /mnt/c/xampp2/htdocs/atomgym2/vendor/laravel/framework/src/Illuminate/Database/Connectors/ConnectionFactory.php(184): Illuminate\\Database\\Connectors\\MySqlConnector->connect()
#5 [internal function]: Illuminate\\Database\\Connectors\\ConnectionFactory->Illuminate\\Database\\Connectors\\{closure}()
#6 /mnt/c/xampp2/htdocs/atomgym2/vendor/laravel/framework/src/Illuminate/Database/Connection.php(1339): call_user_func()
#7 /mnt/c/xampp2/htdocs/atomgym2/vendor/laravel/framework/src/Illuminate/Database/Connection.php(528): Illuminate\\Database\\Connection->getPdo()
#8 /mnt/c/xampp2/htdocs/atomgym2/vendor/laravel/framework/src/Illuminate/Database/Connection.php(423): Illuminate\\Database\\Connection->getPdoForSelect()
#9 /mnt/c/xampp2/htdocs/atomgym2/vendor/laravel/framework/src/Illuminate/Database/Connection.php(816): Illuminate\\Database\\Connection->Illuminate\\Database\\{closure}()
#10 /mnt/c/xampp2/htdocs/atomgym2/vendor/laravel/framework/src/Illuminate/Database/Connection.php(983): Illuminate\\Database\\Connection->runQueryCallback()
#11 /mnt/c/xampp2/htdocs/atomgym2/vendor/laravel/framework/src/Illuminate/Database/Connection.php(962): Illuminate\\Database\\Connection->tryAgainIfCausedByLostConnection()
#12 /mnt/c/xampp2/htdocs/atomgym2/vendor/laravel/framework/src/Illuminate/Database/Connection.php(785): Illuminate\\Database\\Connection->handleQueryException()
#13 /mnt/c/xampp2/htdocs/atomgym2/vendor/laravel/framework/src/Illuminate/Database/Connection.php(414): Illuminate\\Database\\Connection->run()
#14 /mnt/c/xampp2/htdocs/atomgym2/vendor/laravel/framework/src/Illuminate/Database/Connection.php(401): Illuminate\\Database\\Connection->select()
#15 /mnt/c/xampp2/htdocs/atomgym2/vendor/laravel/framework/src/Illuminate/Database/Schema/MySqlBuilder.php(41): Illuminate\\Database\\Connection->selectFromWriteConnection()
#16 /mnt/c/xampp2/htdocs/atomgym2/vendor/laravel/framework/src/Illuminate/Database/Schema/Builder.php(165): Illuminate\\Database\\Schema\\MySqlBuilder->getTables()
#17 /mnt/c/xampp2/htdocs/atomgym2/vendor/laravel/framework/src/Illuminate/Database/Migrations/DatabaseMigrationRepository.php(184): Illuminate\\Database\\Schema\\Builder->hasTable()
#18 /mnt/c/xampp2/htdocs/atomgym2/vendor/laravel/framework/src/Illuminate/Database/Migrations/Migrator.php(700): Illuminate\\Database\\Migrations\\DatabaseMigrationRepository->repositoryExists()
#19 /mnt/c/xampp2/htdocs/atomgym2/vendor/laravel/framework/src/Illuminate/Database/Console/Migrations/MigrateCommand.php(140): Illuminate\\Database\\Migrations\\Migrator->repositoryExists()
#20 /mnt/c/xampp2/htdocs/atomgym2/vendor/laravel/framework/src/Illuminate/Support/helpers.php(248): Illuminate\\Database\\Console\\Migrations\\MigrateCommand->Illuminate\\Database\\Console\\Migrations\\{closure}()
#21 /mnt/c/xampp2/htdocs/atomgym2/vendor/laravel/framework/src/Illuminate/Database/Console/Migrations/MigrateCommand.php(140): retry()
#22 /mnt/c/xampp2/htdocs/atomgym2/vendor/laravel/framework/src/Illuminate/Database/Console/Migrations/MigrateCommand.php(116): Illuminate\\Database\\Console\\Migrations\\MigrateCommand->repositoryExists()
#23 /mnt/c/xampp2/htdocs/atomgym2/vendor/laravel/framework/src/Illuminate/Database/Console/Migrations/MigrateCommand.php(84): Illuminate\\Database\\Console\\Migrations\\MigrateCommand->prepareDatabase()
#24 /mnt/c/xampp2/htdocs/atomgym2/vendor/laravel/framework/src/Illuminate/Database/Migrations/Migrator.php(633): Illuminate\\Database\\Console\\Migrations\\MigrateCommand->Illuminate\\Database\\Console\\Migrations\\{closure}()
#25 /mnt/c/xampp2/htdocs/atomgym2/vendor/laravel/framework/src/Illuminate/Database/Console/Migrations/MigrateCommand.php(83): Illuminate\\Database\\Migrations\\Migrator->usingConnection()
#26 /mnt/c/xampp2/htdocs/atomgym2/vendor/laravel/framework/src/Illuminate/Container/BoundMethod.php(36): Illuminate\\Database\\Console\\Migrations\\MigrateCommand->handle()
#27 /mnt/c/xampp2/htdocs/atomgym2/vendor/laravel/framework/src/Illuminate/Container/Util.php(41): Illuminate\\Container\\BoundMethod::Illuminate\\Container\\{closure}()
#28 /mnt/c/xampp2/htdocs/atomgym2/vendor/laravel/framework/src/Illuminate/Container/BoundMethod.php(93): Illuminate\\Container\\Util::unwrapIfClosure()
#29 /mnt/c/xampp2/htdocs/atomgym2/vendor/laravel/framework/src/Illuminate/Container/BoundMethod.php(35): Illuminate\\Container\\BoundMethod::callBoundMethod()
#30 /mnt/c/xampp2/htdocs/atomgym2/vendor/laravel/framework/src/Illuminate/Container/Container.php(662): Illuminate\\Container\\BoundMethod::call()
#31 /mnt/c/xampp2/htdocs/atomgym2/vendor/laravel/framework/src/Illuminate/Console/Command.php(211): Illuminate\\Container\\Container->call()
#32 /mnt/c/xampp2/htdocs/atomgym2/vendor/symfony/console/Command/Command.php(326): Illuminate\\Console\\Command->execute()
#33 /mnt/c/xampp2/htdocs/atomgym2/vendor/laravel/framework/src/Illuminate/Console/Command.php(180): Symfony\\Component\\Console\\Command\\Command->run()
#34 /mnt/c/xampp2/htdocs/atomgym2/vendor/symfony/console/Application.php(1096): Illuminate\\Console\\Command->run()
#35 /mnt/c/xampp2/htdocs/atomgym2/vendor/symfony/console/Application.php(324): Symfony\\Component\\Console\\Application->doRunCommand()
#36 /mnt/c/xampp2/htdocs/atomgym2/vendor/symfony/console/Application.php(175): Symfony\\Component\\Console\\Application->doRun()
#37 /mnt/c/xampp2/htdocs/atomgym2/vendor/laravel/framework/src/Illuminate/Foundation/Console/Kernel.php(201): Symfony\\Component\\Console\\Application->run()
#38 /mnt/c/xampp2/htdocs/atomgym2/artisan(35): Illuminate\\Foundation\\Console\\Kernel->handle()
#39 {main}
"} 
[2024-02-26 16:04:16] local.ERROR: SQLSTATE[HY000] [2002] No such file or directory (Connection: mysql, SQL: select table_name as `name`, (data_length + index_length) as `size`, table_comment as `comment`, engine as `engine`, table_collation as `collation` from information_schema.tables where table_schema = 'atomgym' and table_type in ('BASE TABLE', 'SYSTEM VERSIONED') order by table_name) {"exception":"[object] (Illuminate\\Database\\QueryException(code: 2002): SQLSTATE[HY000] [2002] No such file or directory (Connection: mysql, SQL: select table_name as `name`, (data_length + index_length) as `size`, table_comment as `comment`, engine as `engine`, table_collation as `collation` from information_schema.tables where table_schema = 'atomgym' and table_type in ('BASE TABLE', 'SYSTEM VERSIONED') order by table_name) at /mnt/c/xampp2/htdocs/atomgym2/vendor/laravel/framework/src/Illuminate/Database/Connection.php:829)
[stacktrace]
#0 /mnt/c/xampp2/htdocs/atomgym2/vendor/laravel/framework/src/Illuminate/Database/Connection.php(983): Illuminate\\Database\\Connection->runQueryCallback()
#1 /mnt/c/xampp2/htdocs/atomgym2/vendor/laravel/framework/src/Illuminate/Database/Connection.php(962): Illuminate\\Database\\Connection->tryAgainIfCausedByLostConnection()
#2 /mnt/c/xampp2/htdocs/atomgym2/vendor/laravel/framework/src/Illuminate/Database/Connection.php(785): Illuminate\\Database\\Connection->handleQueryException()
#3 /mnt/c/xampp2/htdocs/atomgym2/vendor/laravel/framework/src/Illuminate/Database/Connection.php(414): Illuminate\\Database\\Connection->run()
#4 /mnt/c/xampp2/htdocs/atomgym2/vendor/laravel/framework/src/Illuminate/Database/Connection.php(401): Illuminate\\Database\\Connection->select()
#5 /mnt/c/xampp2/htdocs/atomgym2/vendor/laravel/framework/src/Illuminate/Database/Schema/MySqlBuilder.php(41): Illuminate\\Database\\Connection->selectFromWriteConnection()
#6 /mnt/c/xampp2/htdocs/atomgym2/vendor/laravel/framework/src/Illuminate/Database/Schema/Builder.php(165): Illuminate\\Database\\Schema\\MySqlBuilder->getTables()
#7 /mnt/c/xampp2/htdocs/atomgym2/vendor/laravel/framework/src/Illuminate/Database/Migrations/DatabaseMigrationRepository.php(184): Illuminate\\Database\\Schema\\Builder->hasTable()
#8 /mnt/c/xampp2/htdocs/atomgym2/vendor/laravel/framework/src/Illuminate/Database/Migrations/Migrator.php(700): Illuminate\\Database\\Migrations\\DatabaseMigrationRepository->repositoryExists()
#9 /mnt/c/xampp2/htdocs/atomgym2/vendor/laravel/framework/src/Illuminate/Database/Console/Migrations/MigrateCommand.php(140): Illuminate\\Database\\Migrations\\Migrator->repositoryExists()
#10 /mnt/c/xampp2/htdocs/atomgym2/vendor/laravel/framework/src/Illuminate/Support/helpers.php(248): Illuminate\\Database\\Console\\Migrations\\MigrateCommand->Illuminate\\Database\\Console\\Migrations\\{closure}()
#11 /mnt/c/xampp2/htdocs/atomgym2/vendor/laravel/framework/src/Illuminate/Database/Console/Migrations/MigrateCommand.php(140): retry()
#12 /mnt/c/xampp2/htdocs/atomgym2/vendor/laravel/framework/src/Illuminate/Database/Console/Migrations/MigrateCommand.php(116): Illuminate\\Database\\Console\\Migrations\\MigrateCommand->repositoryExists()
#13 /mnt/c/xampp2/htdocs/atomgym2/vendor/laravel/framework/src/Illuminate/Database/Console/Migrations/MigrateCommand.php(84): Illuminate\\Database\\Console\\Migrations\\MigrateCommand->prepareDatabase()
#14 /mnt/c/xampp2/htdocs/atomgym2/vendor/laravel/framework/src/Illuminate/Database/Migrations/Migrator.php(633): Illuminate\\Database\\Console\\Migrations\\MigrateCommand->Illuminate\\Database\\Console\\Migrations\\{closure}()
#15 /mnt/c/xampp2/htdocs/atomgym2/vendor/laravel/framework/src/Illuminate/Database/Console/Migrations/MigrateCommand.php(83): Illuminate\\Database\\Migrations\\Migrator->usingConnection()
#16 /mnt/c/xampp2/htdocs/atomgym2/vendor/laravel/framework/src/Illuminate/Container/BoundMethod.php(36): Illuminate\\Database\\Console\\Migrations\\MigrateCommand->handle()
#17 /mnt/c/xampp2/htdocs/atomgym2/vendor/laravel/framework/src/Illuminate/Container/Util.php(41): Illuminate\\Container\\BoundMethod::Illuminate\\Container\\{closure}()
#18 /mnt/c/xampp2/htdocs/atomgym2/vendor/laravel/framework/src/Illuminate/Container/BoundMethod.php(93): Illuminate\\Container\\Util::unwrapIfClosure()
#19 /mnt/c/xampp2/htdocs/atomgym2/vendor/laravel/framework/src/Illuminate/Container/BoundMethod.php(35): Illuminate\\Container\\BoundMethod::callBoundMethod()
#20 /mnt/c/xampp2/htdocs/atomgym2/vendor/laravel/framework/src/Illuminate/Container/Container.php(662): Illuminate\\Container\\BoundMethod::call()
#21 /mnt/c/xampp2/htdocs/atomgym2/vendor/laravel/framework/src/Illuminate/Console/Command.php(211): Illuminate\\Container\\Container->call()
#22 /mnt/c/xampp2/htdocs/atomgym2/vendor/symfony/console/Command/Command.php(326): Illuminate\\Console\\Command->execute()
#23 /mnt/c/xampp2/htdocs/atomgym2/vendor/laravel/framework/src/Illuminate/Console/Command.php(180): Symfony\\Component\\Console\\Command\\Command->run()
#24 /mnt/c/xampp2/htdocs/atomgym2/vendor/symfony/console/Application.php(1096): Illuminate\\Console\\Command->run()
#25 /mnt/c/xampp2/htdocs/atomgym2/vendor/symfony/console/Application.php(324): Symfony\\Component\\Console\\Application->doRunCommand()
#26 /mnt/c/xampp2/htdocs/atomgym2/vendor/symfony/console/Application.php(175): Symfony\\Component\\Console\\Application->doRun()
#27 /mnt/c/xampp2/htdocs/atomgym2/vendor/laravel/framework/src/Illuminate/Foundation/Console/Kernel.php(201): Symfony\\Component\\Console\\Application->run()
#28 /mnt/c/xampp2/htdocs/atomgym2/artisan(35): Illuminate\\Foundation\\Console\\Kernel->handle()
#29 {main}

[previous exception] [object] (PDOException(code: 2002): SQLSTATE[HY000] [2002] No such file or directory at /mnt/c/xampp2/htdocs/atomgym2/vendor/laravel/framework/src/Illuminate/Database/Connectors/Connector.php:65)
[stacktrace]
#0 /mnt/c/xampp2/htdocs/atomgym2/vendor/laravel/framework/src/Illuminate/Database/Connectors/Connector.php(65): PDO->__construct()
#1 /mnt/c/xampp2/htdocs/atomgym2/vendor/laravel/framework/src/Illuminate/Database/Connectors/Connector.php(83): Illuminate\\Database\\Connectors\\Connector->createPdoConnection()
#2 /mnt/c/xampp2/htdocs/atomgym2/vendor/laravel/framework/src/Illuminate/Database/Connectors/Connector.php(48): Illuminate\\Database\\Connectors\\Connector->tryAgainIfCausedByLostConnection()
#3 /mnt/c/xampp2/htdocs/atomgym2/vendor/laravel/framework/src/Illuminate/Database/Connectors/MySqlConnector.php(24): Illuminate\\Database\\Connectors\\Connector->createConnection()
#4 /mnt/c/xampp2/htdocs/atomgym2/vendor/laravel/framework/src/Illuminate/Database/Connectors/ConnectionFactory.php(184): Illuminate\\Database\\Connectors\\MySqlConnector->connect()
#5 [internal function]: Illuminate\\Database\\Connectors\\ConnectionFactory->Illuminate\\Database\\Connectors\\{closure}()
#6 /mnt/c/xampp2/htdocs/atomgym2/vendor/laravel/framework/src/Illuminate/Database/Connection.php(1339): call_user_func()
#7 /mnt/c/xampp2/htdocs/atomgym2/vendor/laravel/framework/src/Illuminate/Database/Connection.php(528): Illuminate\\Database\\Connection->getPdo()
#8 /mnt/c/xampp2/htdocs/atomgym2/vendor/laravel/framework/src/Illuminate/Database/Connection.php(423): Illuminate\\Database\\Connection->getPdoForSelect()
#9 /mnt/c/xampp2/htdocs/atomgym2/vendor/laravel/framework/src/Illuminate/Database/Connection.php(816): Illuminate\\Database\\Connection->Illuminate\\Database\\{closure}()
#10 /mnt/c/xampp2/htdocs/atomgym2/vendor/laravel/framework/src/Illuminate/Database/Connection.php(983): Illuminate\\Database\\Connection->runQueryCallback()
#11 /mnt/c/xampp2/htdocs/atomgym2/vendor/laravel/framework/src/Illuminate/Database/Connection.php(962): Illuminate\\Database\\Connection->tryAgainIfCausedByLostConnection()
#12 /mnt/c/xampp2/htdocs/atomgym2/vendor/laravel/framework/src/Illuminate/Database/Connection.php(785): Illuminate\\Database\\Connection->handleQueryException()
#13 /mnt/c/xampp2/htdocs/atomgym2/vendor/laravel/framework/src/Illuminate/Database/Connection.php(414): Illuminate\\Database\\Connection->run()
#14 /mnt/c/xampp2/htdocs/atomgym2/vendor/laravel/framework/src/Illuminate/Database/Connection.php(401): Illuminate\\Database\\Connection->select()
#15 /mnt/c/xampp2/htdocs/atomgym2/vendor/laravel/framework/src/Illuminate/Database/Schema/MySqlBuilder.php(41): Illuminate\\Database\\Connection->selectFromWriteConnection()
#16 /mnt/c/xampp2/htdocs/atomgym2/vendor/laravel/framework/src/Illuminate/Database/Schema/Builder.php(165): Illuminate\\Database\\Schema\\MySqlBuilder->getTables()
#17 /mnt/c/xampp2/htdocs/atomgym2/vendor/laravel/framework/src/Illuminate/Database/Migrations/DatabaseMigrationRepository.php(184): Illuminate\\Database\\Schema\\Builder->hasTable()
#18 /mnt/c/xampp2/htdocs/atomgym2/vendor/laravel/framework/src/Illuminate/Database/Migrations/Migrator.php(700): Illuminate\\Database\\Migrations\\DatabaseMigrationRepository->repositoryExists()
#19 /mnt/c/xampp2/htdocs/atomgym2/vendor/laravel/framework/src/Illuminate/Database/Console/Migrations/MigrateCommand.php(140): Illuminate\\Database\\Migrations\\Migrator->repositoryExists()
#20 /mnt/c/xampp2/htdocs/atomgym2/vendor/laravel/framework/src/Illuminate/Support/helpers.php(248): Illuminate\\Database\\Console\\Migrations\\MigrateCommand->Illuminate\\Database\\Console\\Migrations\\{closure}()
#21 /mnt/c/xampp2/htdocs/atomgym2/vendor/laravel/framework/src/Illuminate/Database/Console/Migrations/MigrateCommand.php(140): retry()
#22 /mnt/c/xampp2/htdocs/atomgym2/vendor/laravel/framework/src/Illuminate/Database/Console/Migrations/MigrateCommand.php(116): Illuminate\\Database\\Console\\Migrations\\MigrateCommand->repositoryExists()
#23 /mnt/c/xampp2/htdocs/atomgym2/vendor/laravel/framework/src/Illuminate/Database/Console/Migrations/MigrateCommand.php(84): Illuminate\\Database\\Console\\Migrations\\MigrateCommand->prepareDatabase()
#24 /mnt/c/xampp2/htdocs/atomgym2/vendor/laravel/framework/src/Illuminate/Database/Migrations/Migrator.php(633): Illuminate\\Database\\Console\\Migrations\\MigrateCommand->Illuminate\\Database\\Console\\Migrations\\{closure}()
#25 /mnt/c/xampp2/htdocs/atomgym2/vendor/laravel/framework/src/Illuminate/Database/Console/Migrations/MigrateCommand.php(83): Illuminate\\Database\\Migrations\\Migrator->usingConnection()
#26 /mnt/c/xampp2/htdocs/atomgym2/vendor/laravel/framework/src/Illuminate/Container/BoundMethod.php(36): Illuminate\\Database\\Console\\Migrations\\MigrateCommand->handle()
#27 /mnt/c/xampp2/htdocs/atomgym2/vendor/laravel/framework/src/Illuminate/Container/Util.php(41): Illuminate\\Container\\BoundMethod::Illuminate\\Container\\{closure}()
#28 /mnt/c/xampp2/htdocs/atomgym2/vendor/laravel/framework/src/Illuminate/Container/BoundMethod.php(93): Illuminate\\Container\\Util::unwrapIfClosure()
#29 /mnt/c/xampp2/htdocs/atomgym2/vendor/laravel/framework/src/Illuminate/Container/BoundMethod.php(35): Illuminate\\Container\\BoundMethod::callBoundMethod()
#30 /mnt/c/xampp2/htdocs/atomgym2/vendor/laravel/framework/src/Illuminate/Container/Container.php(662): Illuminate\\Container\\BoundMethod::call()
#31 /mnt/c/xampp2/htdocs/atomgym2/vendor/laravel/framework/src/Illuminate/Console/Command.php(211): Illuminate\\Container\\Container->call()
#32 /mnt/c/xampp2/htdocs/atomgym2/vendor/symfony/console/Command/Command.php(326): Illuminate\\Console\\Command->execute()
#33 /mnt/c/xampp2/htdocs/atomgym2/vendor/laravel/framework/src/Illuminate/Console/Command.php(180): Symfony\\Component\\Console\\Command\\Command->run()
#34 /mnt/c/xampp2/htdocs/atomgym2/vendor/symfony/console/Application.php(1096): Illuminate\\Console\\Command->run()
#35 /mnt/c/xampp2/htdocs/atomgym2/vendor/symfony/console/Application.php(324): Symfony\\Component\\Console\\Application->doRunCommand()
#36 /mnt/c/xampp2/htdocs/atomgym2/vendor/symfony/console/Application.php(175): Symfony\\Component\\Console\\Application->doRun()
#37 /mnt/c/xampp2/htdocs/atomgym2/vendor/laravel/framework/src/Illuminate/Foundation/Console/Kernel.php(201): Symfony\\Component\\Console\\Application->run()
#38 /mnt/c/xampp2/htdocs/atomgym2/artisan(35): Illuminate\\Foundation\\Console\\Kernel->handle()
#39 {main}
"} 
